<?xml version="1.0" encoding="UTF-8"?>
<testsuite name="co.com.alejo.categoriestest.CategoryTest" tests="2" skipped="0" failures="0" errors="0" timestamp="2021-02-18T16:32:53" hostname="MacBook-Pro-de-Alejandro.local" time="0.004">
  <properties/>
  <testcase name="test_c_1" classname="co.com.alejo.categoriestest.CategoryTest" time="0.004"/>
  <testcase name="test_c_2" classname="co.com.alejo.categoriestest.CategoryTest" time="0.0"/>
  <system-out><![CDATA[]]></system-out>
  <system-err><![CDATA[]]></system-err>
</testsuite>
