<?xml version="1.0" encoding="UTF-8"?>
<testsuite name="co.com.alejo.testmap.MapTest" tests="1" skipped="0" failures="0" errors="0" timestamp="2021-02-17T14:56:44" hostname="MacBook-Pro-de-Alejandro.local" time="0.005">
  <properties/>
  <testcase name="testAssertMap" classname="co.com.alejo.testmap.MapTest" time="0.005"/>
  <system-out><![CDATA[]]></system-out>
  <system-err><![CDATA[]]></system-err>
</testsuite>
