<?xml version="1.0" encoding="UTF-8"?>
<testsuite name="co.com.alejo.testlist.ListObjectTest" tests="1" skipped="0" failures="0" errors="0" timestamp="2021-02-17T14:36:21" hostname="MacBook-Pro-de-Alejandro.local" time="0.026">
  <properties/>
  <testcase name="testAssertList" classname="co.com.alejo.testlist.ListObjectTest" time="0.026"/>
  <system-out><![CDATA[]]></system-out>
  <system-err><![CDATA[]]></system-err>
</testsuite>
