<?xml version="1.0" encoding="UTF-8"?>
<testsuite name="co.com.alejo.parametrized.ParameterizedConstructorTest" tests="5" skipped="0" failures="0" errors="0" timestamp="2021-02-17T14:01:18" hostname="MacBook-Pro-de-Alejandro.local" time="0.005">
  <properties/>
  <testcase name="test_addTwoNumbes[0: testAdd(1+1) = 2]" classname="co.com.alejo.parametrized.ParameterizedConstructorTest" time="0.004"/>
  <testcase name="test_addTwoNumbes[1: testAdd(2+2) = 4]" classname="co.com.alejo.parametrized.ParameterizedConstructorTest" time="0.0"/>
  <testcase name="test_addTwoNumbes[2: testAdd(8+2) = 10]" classname="co.com.alejo.parametrized.ParameterizedConstructorTest" time="0.0"/>
  <testcase name="test_addTwoNumbes[3: testAdd(4+5) = 9]" classname="co.com.alejo.parametrized.ParameterizedConstructorTest" time="0.0"/>
  <testcase name="test_addTwoNumbes[4: testAdd(5+5) = 10]" classname="co.com.alejo.parametrized.ParameterizedConstructorTest" time="0.0"/>
  <system-out><![CDATA[]]></system-out>
  <system-err><![CDATA[]]></system-err>
</testsuite>
